2022-05-24 22:50:46.199  INFO 3377 --- [main] c.m.s.SpringBootRestApplication          : Starting SpringBootRestApplication using Java 17.0.3 on debian with PID 3377 (/home/kuhataku/ドキュメント/spring_boot_rest/build/classes/java/main started by kuhataku in /home/kuhataku/ドキュメント/spring_boot_rest)
2022-05-24 22:50:46.207 DEBUG 3377 --- [main] c.m.s.SpringBootRestApplication          : Running with Spring Boot v2.7.0, Spring v5.3.20
2022-05-24 22:50:46.207  INFO 3377 --- [main] c.m.s.SpringBootRestApplication          : No active profile set, falling back to 1 default profile: "default"
2022-05-24 22:50:47.237  INFO 3377 --- [main] .s.d.r.c.RepositoryConfigurationDelegate : Bootstrapping Spring Data JPA repositories in DEFAULT mode.
2022-05-24 22:50:47.533  INFO 3377 --- [main] .s.d.r.c.RepositoryConfigurationDelegate : Finished Spring Data repository scanning in 266 ms. Found 2 JPA repository interfaces.
2022-05-24 22:50:48.342  INFO 3377 --- [main] o.s.b.w.embedded.tomcat.TomcatWebServer  : Tomcat initialized with port(s): 8000 (http)
2022-05-24 22:50:48.353  INFO 3377 --- [main] o.apache.catalina.core.StandardService   : Starting service [Tomcat]
2022-05-24 22:50:48.354  INFO 3377 --- [main] org.apache.catalina.core.StandardEngine  : Starting Servlet engine: [Apache Tomcat/9.0.63]
2022-05-24 22:50:48.485  INFO 3377 --- [main] o.a.c.c.C.[Tomcat].[localhost].[/app]    : Initializing Spring embedded WebApplicationContext
2022-05-24 22:50:48.486  INFO 3377 --- [main] w.s.c.ServletWebServerApplicationContext : Root WebApplicationContext: initialization completed in 2196 ms
2022-05-24 22:50:48.529  INFO 3377 --- [main] com.zaxxer.hikari.HikariDataSource       : HikariPool-1 - Starting...
2022-05-24 22:50:48.785  INFO 3377 --- [main] com.zaxxer.hikari.HikariDataSource       : HikariPool-1 - Start completed.
2022-05-24 22:50:48.794  INFO 3377 --- [main] o.s.b.a.h2.H2ConsoleAutoConfiguration    : H2 console available at '/h2-console'. Database available at 'jdbc:h2:file:./em_db'
2022-05-24 22:50:49.236  INFO 3377 --- [main] o.hibernate.jpa.internal.util.LogHelper  : HHH000204: Processing PersistenceUnitInfo [name: default]
2022-05-24 22:50:49.295  INFO 3377 --- [main] org.hibernate.Version                    : HHH000412: Hibernate ORM core version 5.6.9.Final
2022-05-24 22:50:49.461  INFO 3377 --- [main] o.hibernate.annotations.common.Version   : HCANN000001: Hibernate Commons Annotations {5.1.2.Final}
2022-05-24 22:50:49.618  INFO 3377 --- [main] org.hibernate.dialect.Dialect            : HHH000400: Using dialect: org.hibernate.dialect.H2Dialect
2022-05-24 22:50:50.250  INFO 3377 --- [main] o.h.t.schema.internal.SchemaCreatorImpl  : HHH000476: Executing import script 'file:/home/kuhataku/%e3%83%89%e3%82%ad%e3%83%a5%e3%83%a1%e3%83%b3%e3%83%88/spring_boot_rest/build/resources/main/import.sql'
2022-05-24 22:50:50.257  INFO 3377 --- [main] o.h.e.t.j.p.i.JtaPlatformInitiator       : HHH000490: Using JtaPlatform implementation: [org.hibernate.engine.transaction.jta.platform.internal.NoJtaPlatform]
2022-05-24 22:50:50.262  INFO 3377 --- [main] j.LocalContainerEntityManagerFactoryBean : Initialized JPA EntityManagerFactory for persistence unit 'default'
2022-05-24 22:50:50.834 DEBUG 3377 --- [main] edFilterInvocationSecurityMetadataSource : Adding web access control expression [permitAll] for ExactUrl [processUrl='/login']
2022-05-24 22:50:50.846 DEBUG 3377 --- [main] edFilterInvocationSecurityMetadataSource : Adding web access control expression [permitAll] for ExactUrl [processUrl='/login']
2022-05-24 22:50:50.847 DEBUG 3377 --- [main] edFilterInvocationSecurityMetadataSource : Adding web access control expression [permitAll] for Mvc [pattern='/hello/**']
2022-05-24 22:50:50.847 DEBUG 3377 --- [main] edFilterInvocationSecurityMetadataSource : Adding web access control expression [hasRole('ROLE_ADMIN')] for Mvc [pattern='/user/**', PUT]
2022-05-24 22:50:50.848 DEBUG 3377 --- [main] edFilterInvocationSecurityMetadataSource : Adding web access control expression [hasRole('ROLE_ADMIN')] for Mvc [pattern='/user/**', PATCH]
2022-05-24 22:50:50.848 DEBUG 3377 --- [main] edFilterInvocationSecurityMetadataSource : Adding web access control expression [hasRole('ROLE_ADMIN')] for Mvc [pattern='/user/**', DELETE]
2022-05-24 22:50:50.849 DEBUG 3377 --- [main] edFilterInvocationSecurityMetadataSource : Adding web access control expression [hasRole('ROLE_ADMIN')] for Mvc [pattern='/user', POST]
2022-05-24 22:50:50.849 DEBUG 3377 --- [main] edFilterInvocationSecurityMetadataSource : Adding web access control expression [hasRole('ROLE_USER')] for Mvc [pattern='/user/list', GET]
2022-05-24 22:50:50.850 DEBUG 3377 --- [main] edFilterInvocationSecurityMetadataSource : Adding web access control expression [hasRole('ROLE_USER')] for Mvc [pattern='/user/**', GET]
2022-05-24 22:50:50.854 DEBUG 3377 --- [main] edFilterInvocationSecurityMetadataSource : Adding web access control expression [hasRole('ROLE_USER')] for Mvc [pattern='/password', POST]
2022-05-24 22:50:50.854 DEBUG 3377 --- [main] edFilterInvocationSecurityMetadataSource : Adding web access control expression [hasRole('ROLE_ADMIN')] for Mvc [pattern='/place/**', PUT]
2022-05-24 22:50:50.854 DEBUG 3377 --- [main] edFilterInvocationSecurityMetadataSource : Adding web access control expression [hasRole('ROLE_ADMIN')] for Mvc [pattern='/place/**', DELETE]
2022-05-24 22:50:50.854 DEBUG 3377 --- [main] edFilterInvocationSecurityMetadataSource : Adding web access control expression [hasRole('ROLE_ADMIN')] for Mvc [pattern='/place', POST]
2022-05-24 22:50:50.855 DEBUG 3377 --- [main] edFilterInvocationSecurityMetadataSource : Adding web access control expression [hasRole('ROLE_USER')] for Mvc [pattern='/place/**', GET]
2022-05-24 22:50:50.855 DEBUG 3377 --- [main] edFilterInvocationSecurityMetadataSource : Adding web access control expression [authenticated] for any request
2022-05-24 22:50:50.861  INFO 3377 --- [main] o.s.s.web.DefaultSecurityFilterChain     : Will secure any request with [org.springframework.security.web.session.DisableEncodeUrlFilter@64d42d3d, org.springframework.security.web.context.request.async.WebAsyncManagerIntegrationFilter@24558113, org.springframework.security.web.context.SecurityContextPersistenceFilter@78324e97, org.springframework.security.web.header.HeaderWriterFilter@53f1fcc2, org.springframework.web.filter.CorsFilter@3d5e0bf0, org.springframework.security.web.csrf.CsrfFilter@43201f84, org.springframework.security.web.authentication.logout.LogoutFilter@4d4bac56, org.springframework.security.web.authentication.UsernamePasswordAuthenticationFilter@2ea0161f, org.springframework.security.web.session.ConcurrentSessionFilter@77622c82, org.springframework.security.web.savedrequest.RequestCacheAwareFilter@29b0c169, org.springframework.security.web.servletapi.SecurityContextHolderAwareRequestFilter@674fd531, org.springframework.security.web.authentication.AnonymousAuthenticationFilter@166d576b, org.springframework.security.web.session.SessionManagementFilter@70f3bf00, org.springframework.security.web.access.ExceptionTranslationFilter@4feaa4b8, org.springframework.security.web.access.intercept.FilterSecurityInterceptor@38d308e7]
2022-05-24 22:50:51.134  INFO 3377 --- [main] o.s.b.w.embedded.tomcat.TomcatWebServer  : Tomcat started on port(s): 8000 (http) with context path '/app'
2022-05-24 22:50:51.160  INFO 3377 --- [main] c.m.s.SpringBootRestApplication          : Started SpringBootRestApplication in 5.421 seconds (JVM running for 5.914)
2022-05-24 22:53:09.340  INFO 3377 --- [http-nio-8000-exec-1] o.a.c.c.C.[Tomcat].[localhost].[/app]    : Initializing Spring DispatcherServlet 'dispatcherServlet'
2022-05-24 22:53:09.342  INFO 3377 --- [http-nio-8000-exec-1] o.s.web.servlet.DispatcherServlet        : Initializing Servlet 'dispatcherServlet'
2022-05-24 22:53:09.343  INFO 3377 --- [http-nio-8000-exec-1] o.s.web.servlet.DispatcherServlet        : Completed initialization in 1 ms
2022-05-24 22:53:09.348 DEBUG 3377 --- [http-nio-8000-exec-1] o.s.security.web.FilterChainProxy        : Securing POST /login
2022-05-24 22:53:09.351 DEBUG 3377 --- [http-nio-8000-exec-1] s.s.w.c.SecurityContextPersistenceFilter : Set SecurityContextHolder to empty SecurityContext
2022-05-24 22:53:09.680 TRACE 3377 --- [http-nio-8000-exec-1] o.h.type.descriptor.sql.BasicBinder      : binding parameter [1] as [VARCHAR] - [admin]
2022-05-24 22:53:09.765 DEBUG 3377 --- [http-nio-8000-exec-1] o.s.s.a.dao.DaoAuthenticationProvider    : Authenticated user
2022-05-24 22:53:09.774 DEBUG 3377 --- [http-nio-8000-exec-1] o.s.s.core.session.SessionRegistryImpl   : Registering session 0F67D323F83928D08CAAAB7A9D1DEC3E, for principal com.mysv986.spring_boot_rest.security.SimpleLoginUser [Username=admin, Password=[PROTECTED], Enabled=true, AccountNonExpired=true, credentialsNonExpired=true, AccountNonLocked=true, Granted Authorities=[ROLE_ADMIN, ROLE_USER]]
2022-05-24 22:53:09.774 DEBUG 3377 --- [http-nio-8000-exec-1] w.a.UsernamePasswordAuthenticationFilter : Set SecurityContextHolder to UsernamePasswordAuthenticationToken [Principal=com.mysv986.spring_boot_rest.security.SimpleLoginUser [Username=admin, Password=[PROTECTED], Enabled=true, AccountNonExpired=true, credentialsNonExpired=true, AccountNonLocked=true, Granted Authorities=[ROLE_ADMIN, ROLE_USER]], Credentials=[PROTECTED], Authenticated=true, Details=WebAuthenticationDetails [RemoteIpAddress=0:0:0:0:0:0:0:1, SessionId=null], Granted Authorities=[ROLE_ADMIN, ROLE_USER]]
2022-05-24 22:53:09.775  INFO 3377 --- [http-nio-8000-exec-1] m.s.s.SimpleAuthenticationSuccessHandler : X-My-CSRF-Header 3c4b86d0-2d1b-4a47-9fec-aca3a63b97ac
2022-05-24 22:53:09.776 DEBUG 3377 --- [http-nio-8000-exec-1] w.c.HttpSessionSecurityContextRepository : Stored SecurityContextImpl [Authentication=UsernamePasswordAuthenticationToken [Principal=com.mysv986.spring_boot_rest.security.SimpleLoginUser [Username=admin, Password=[PROTECTED], Enabled=true, AccountNonExpired=true, credentialsNonExpired=true, AccountNonLocked=true, Granted Authorities=[ROLE_ADMIN, ROLE_USER]], Credentials=[PROTECTED], Authenticated=true, Details=WebAuthenticationDetails [RemoteIpAddress=0:0:0:0:0:0:0:1, SessionId=null], Granted Authorities=[ROLE_ADMIN, ROLE_USER]]] to HttpSession [org.apache.catalina.session.StandardSessionFacade@766e0863]
2022-05-24 22:53:09.776 DEBUG 3377 --- [http-nio-8000-exec-1] s.s.w.c.SecurityContextPersistenceFilter : Cleared SecurityContextHolder to complete request
2022-05-24 22:53:59.270 DEBUG 3377 --- [http-nio-8000-exec-3] o.s.security.web.FilterChainProxy        : Securing GET /user/list
2022-05-24 22:53:59.271 DEBUG 3377 --- [http-nio-8000-exec-3] w.c.HttpSessionSecurityContextRepository : Retrieved SecurityContextImpl [Authentication=UsernamePasswordAuthenticationToken [Principal=com.mysv986.spring_boot_rest.security.SimpleLoginUser [Username=admin, Password=[PROTECTED], Enabled=true, AccountNonExpired=true, credentialsNonExpired=true, AccountNonLocked=true, Granted Authorities=[ROLE_ADMIN, ROLE_USER]], Credentials=[PROTECTED], Authenticated=true, Details=WebAuthenticationDetails [RemoteIpAddress=0:0:0:0:0:0:0:1, SessionId=null], Granted Authorities=[ROLE_ADMIN, ROLE_USER]]]
2022-05-24 22:53:59.273 DEBUG 3377 --- [http-nio-8000-exec-3] s.s.w.c.SecurityContextPersistenceFilter : Set SecurityContextHolder to SecurityContextImpl [Authentication=UsernamePasswordAuthenticationToken [Principal=com.mysv986.spring_boot_rest.security.SimpleLoginUser [Username=admin, Password=[PROTECTED], Enabled=true, AccountNonExpired=true, credentialsNonExpired=true, AccountNonLocked=true, Granted Authorities=[ROLE_ADMIN, ROLE_USER]], Credentials=[PROTECTED], Authenticated=true, Details=WebAuthenticationDetails [RemoteIpAddress=0:0:0:0:0:0:0:1, SessionId=null], Granted Authorities=[ROLE_ADMIN, ROLE_USER]]]
2022-05-24 22:53:59.321 DEBUG 3377 --- [http-nio-8000-exec-3] o.s.s.w.a.i.FilterSecurityInterceptor    : Authorized filter invocation [GET /user/list] with attributes [hasRole('ROLE_USER')]
2022-05-24 22:53:59.326 DEBUG 3377 --- [http-nio-8000-exec-3] o.s.security.web.FilterChainProxy        : Secured GET /user/list
2022-05-24 22:53:59.419 DEBUG 3377 --- [http-nio-8000-exec-3] s.s.w.c.SecurityContextPersistenceFilter : Cleared SecurityContextHolder to complete request
2022-05-24 22:54:18.584 DEBUG 3377 --- [http-nio-8000-exec-4] o.s.security.web.FilterChainProxy        : Securing GET /user/1
2022-05-24 22:54:18.585 DEBUG 3377 --- [http-nio-8000-exec-4] w.c.HttpSessionSecurityContextRepository : Retrieved SecurityContextImpl [Authentication=UsernamePasswordAuthenticationToken [Principal=com.mysv986.spring_boot_rest.security.SimpleLoginUser [Username=admin, Password=[PROTECTED], Enabled=true, AccountNonExpired=true, credentialsNonExpired=true, AccountNonLocked=true, Granted Authorities=[ROLE_ADMIN, ROLE_USER]], Credentials=[PROTECTED], Authenticated=true, Details=WebAuthenticationDetails [RemoteIpAddress=0:0:0:0:0:0:0:1, SessionId=null], Granted Authorities=[ROLE_ADMIN, ROLE_USER]]]
2022-05-24 22:54:18.586 DEBUG 3377 --- [http-nio-8000-exec-4] s.s.w.c.SecurityContextPersistenceFilter : Set SecurityContextHolder to SecurityContextImpl [Authentication=UsernamePasswordAuthenticationToken [Principal=com.mysv986.spring_boot_rest.security.SimpleLoginUser [Username=admin, Password=[PROTECTED], Enabled=true, AccountNonExpired=true, credentialsNonExpired=true, AccountNonLocked=true, Granted Authorities=[ROLE_ADMIN, ROLE_USER]], Credentials=[PROTECTED], Authenticated=true, Details=WebAuthenticationDetails [RemoteIpAddress=0:0:0:0:0:0:0:1, SessionId=null], Granted Authorities=[ROLE_ADMIN, ROLE_USER]]]
2022-05-24 22:54:18.588 DEBUG 3377 --- [http-nio-8000-exec-4] o.s.s.w.a.i.FilterSecurityInterceptor    : Authorized filter invocation [GET /user/1] with attributes [hasRole('ROLE_USER')]
2022-05-24 22:54:18.589 DEBUG 3377 --- [http-nio-8000-exec-4] o.s.security.web.FilterChainProxy        : Secured GET /user/1
2022-05-24 22:54:18.618 TRACE 3377 --- [http-nio-8000-exec-4] o.h.type.descriptor.sql.BasicBinder      : binding parameter [1] as [BIGINT] - [1]
2022-05-24 22:54:18.634 DEBUG 3377 --- [http-nio-8000-exec-4] s.s.w.c.SecurityContextPersistenceFilter : Cleared SecurityContextHolder to complete request
